---
client: Jellyfin for Android TV
client_version: 0.17.6
client_repository: https://github.com/jellyfin/jellyfin-androidtv
type: crash_report
format: markdown
---
### Logs

***Stack Trace***: 
```log
org.jellyfin.sdk.api.client.exception.InvalidStatusException: Invalid HTTP status in response: 500
	at org.jellyfin.sdk.api.ktor.KtorClient.request$suspendImpl(KtorClient.kt:132)
	at org.jellyfin.sdk.api.ktor.KtorClient$request$1.invokeSuspend(KtorClient.kt)
	at kotlin.coroutines.jvm.internal.BaseContinuationImpl.resumeWith(ContinuationImpl.kt:33)
	at kotlinx.coroutines.DispatchedTask.run(DispatchedTask.kt:104)
	at kotlinx.coroutines.internal.LimitedDispatcher$Worker.run(LimitedDispatcher.kt:111)
	at kotlinx.coroutines.scheduling.TaskImpl.run(Tasks.kt:99)
	at kotlinx.coroutines.scheduling.CoroutineScheduler.runSafely(CoroutineScheduler.kt:584)
	at kotlinx.coroutines.scheduling.CoroutineScheduler$Worker.executeTask(CoroutineScheduler.kt:811)
	at kotlinx.coroutines.scheduling.CoroutineScheduler$Worker.runWorker(CoroutineScheduler.kt:715)
	at kotlinx.coroutines.scheduling.CoroutineScheduler$Worker.run(CoroutineScheduler.kt:702)
	Suppressed: kotlinx.coroutines.internal.DiagnosticCoroutineContextException: [StandaloneCoroutine{Cancelling}@aefa01a, Dispatchers.IO]

```  
***Logcat***: 
```log
05-10 19:09:50.466 I/org.jellyfin.sdk.api.ktor.KtorClient(22071): GET http://192.168.1.109:8096/Branding/Configuration
05-10 19:09:50.519 I/art     (22071): Background sticky concurrent mark sweep GC freed 14926(1188KB) AllocSpace objects, 11(356KB) LOS objects, 25% free, 4MB/5MB, paused 10.304ms total 59.519ms
05-10 19:09:50.582 I/MigrationContext(22071): Requested migration from 7 to 7. Found 1 migrations in total.
05-10 19:09:50.587 I/ActivityThemeExtensions(22071): Applying theme DARK
05-10 19:09:50.667 I/PerfStatsManager(22071): start attempting to update service remote
05-10 19:09:50.706 I/art     (22071): Background partial concurrent mark sweep GC freed 18092(2MB) AllocSpace objects, 2(40KB) LOS objects, 39% free, 4MB/6MB, paused 2.481ms total 108.791ms
05-10 19:09:50.883 I/Choreographer(22071): Skipped 31 frames!  The application may be doing too much work on its main thread.
05-10 19:09:50.949 W/art     (22071): Class androidx.compose.runtime.snapshots.SnapshotStateList failed lock verification and will run slower.
05-10 19:09:50.949 W/art     (22071): Common causes for lock verification issues are non-optimized dex code
05-10 19:09:50.949 W/art     (22071): and incorrect proguard optimizations.
05-10 19:09:51.060 I/OpenGLRenderer(22071): Initialized EGL, version 1.4
05-10 19:09:51.085 I/org.jellyfin.sdk.api.ktor.KtorClient(22071): GET http://192.168.1.109:8096/System/Info/Public
05-10 19:09:53.841 I/SessionRepositoryImpl(22071): Updating current session. userId=254ca8a0-cdaa-460e-ac80-30b8f1a363f9 apiBindingSuccess=true
05-10 19:09:53.841 I/org.jellyfin.sdk.api.ktor.KtorClient(22071): GET http://192.168.1.109:8096/Users/Me
05-10 19:09:55.618 I/org.jellyfin.sdk.api.ktor.KtorClient(22071): GET http://192.168.1.109:8096/DisplayPreferences/livetv?client=jellyfin-androidtv
05-10 19:09:56.294 E/DisplayPreferencesStore(22071): Unable to retrieve displaypreferences. (displayPreferencesId=livetv, app=jellyfin-androidtv)
05-10 19:09:56.294 E/DisplayPreferencesStore(22071): org.jellyfin.sdk.api.client.exception.InvalidStatusException: Invalid HTTP status in response: 500
05-10 19:09:56.294 E/DisplayPreferencesStore(22071): 	at org.jellyfin.sdk.api.ktor.KtorClient.request$suspendImpl(KtorClient.kt:132)
05-10 19:09:56.294 E/DisplayPreferencesStore(22071): 	at org.jellyfin.sdk.api.ktor.KtorClient$request$1.invokeSuspend(KtorClient.kt)
05-10 19:09:56.294 E/DisplayPreferencesStore(22071): 	at kotlin.coroutines.jvm.internal.BaseContinuationImpl.resumeWith(ContinuationImpl.kt:33)
05-10 19:09:56.294 E/DisplayPreferencesStore(22071): 	at kotlinx.coroutines.DispatchedTask.run(DispatchedTask.kt:104)
05-10 19:09:56.294 E/DisplayPreferencesStore(22071): 	at kotlinx.coroutines.EventLoop.processUnconfinedEvent(EventLoop.common.kt:65)
05-10 19:09:56.294 E/DisplayPreferencesStore(22071): 	at kotlinx.coroutines.internal.DispatchedContinuation.resumeWith(DispatchedContinuation.kt:343)
05-10 19:09:56.294 E/DisplayPreferencesStore(22071): 	at io.ktor.util.pipeline.SuspendFunctionGun.resumeRootWith(SuspendFunctionGun.kt:146)
05-10 19:09:56.294 E/DisplayPreferencesStore(22071): 	at io.ktor.util.pipeline.SuspendFunctionGun.loop(SuspendFunctionGun.kt:120)
05-10 19:09:56.294 E/DisplayPreferencesStore(22071): 	at io.ktor.util.pipeline.SuspendFunctionGun.access$loop(SuspendFunctionGun.kt:11)
05-10 19:09:56.294 E/DisplayPreferencesStore(22071): 	at io.ktor.util.pipeline.SuspendFunctionGun$continuation$1.resumeWith(SuspendFunctionGun.kt:70)
05-10 19:09:56.294 E/DisplayPreferencesStore(22071): 	at kotlin.coroutines.jvm.internal.BaseContinuationImpl.resumeWith(ContinuationImpl.kt:46)
05-10 19:09:56.294 E/DisplayPreferencesStore(22071): 	at kotlinx.coroutines.DispatchedTask.run(DispatchedTask.kt:104)
05-10 19:09:56.294 E/DisplayPreferencesStore(22071): 	at android.os.Handler.handleCallback(Handler.java:751)
05-10 19:09:56.294 E/DisplayPreferencesStore(22071): 	at android.os.Handler.dispatchMessage(Handler.java:95)
05-10 19:09:56.294 E/DisplayPreferencesStore(22071): 	at android.os.Looper.loop(Looper.java:154)
05-10 19:09:56.294 E/DisplayPreferencesStore(22071): 	at android.app.ActivityThread.main(ActivityThread.java:6202)
05-10 19:09:56.294 E/DisplayPreferencesStore(22071): 	at java.lang.reflect.Method.invoke(Native Method)
05-10 19:09:56.294 E/DisplayPreferencesStore(22071): 	at com.android.internal.os.ZygoteInit$MethodAndArgsCaller.run(ZygoteInit.java:911)
05-10 19:09:56.294 E/DisplayPreferencesStore(22071): 	at com.android.internal.os.ZygoteInit.main(ZygoteInit.java:801)
05-10 19:09:56.295 I/DisplayPreferencesStore(22071): Creating an empty DisplayPreferencesDto for next commit.
05-10 19:09:56.298 I/org.jellyfin.sdk.api.ktor.KtorClient(22071): GET http://192.168.1.109:8096/DisplayPreferences/usersettings?client=emby
05-10 19:09:56.875 E/DisplayPreferencesStore(22071): Unable to retrieve displaypreferences. (displayPreferencesId=usersettings, app=emby)
05-10 19:09:56.875 E/DisplayPreferencesStore(22071): org.jellyfin.sdk.api.client.exception.InvalidStatusException: Invalid HTTP status in response: 500
05-10 19:09:56.875 E/DisplayPreferencesStore(22071): 	at org.jellyfin.sdk.api.ktor.KtorClient.request$suspendImpl(KtorClient.kt:132)
05-10 19:09:56.875 E/DisplayPreferencesStore(22071): 	at org.jellyfin.sdk.api.ktor.KtorClient$request$1.invokeSuspend(KtorClient.kt)
05-10 19:09:56.875 E/DisplayPreferencesStore(22071): 	at kotlin.coroutines.jvm.internal.BaseContinuationImpl.resumeWith(ContinuationImpl.kt:33)
05-10 19:09:56.875 E/DisplayPreferencesStore(22071): 	at kotlinx.coroutines.DispatchedTask.run(DispatchedTask.kt:104)
05-10 19:09:56.875 E/DisplayPreferencesStore(22071): 	at kotlinx.coroutines.EventLoop.processUnconfinedEvent(EventLoop.common.kt:65)
05-10 19:09:56.875 E/DisplayPreferencesStore(22071): 	at kotlinx.coroutines.internal.DispatchedContinuation.resumeWith(DispatchedContinuation.kt:343)
05-10 19:09:56.875 E/DisplayPreferencesStore(22071): 	at io.ktor.util.pipeline.SuspendFunctionGun.resumeRootWith(SuspendFunctionGun.kt:146)
05-10 19:09:56.875 E/DisplayPreferencesStore(22071): 	at io.ktor.util.pipeline.SuspendFunctionGun.loop(SuspendFunctionGun.kt:120)
05-10 19:09:56.875 E/DisplayPreferencesStore(22071): 	at io.ktor.util.pipeline.SuspendFunctionGun.access$loop(SuspendFunctionGun.kt:11)
05-10 19:09:56.875 E/DisplayPreferencesStore(22071): 	at io.ktor.util.pipeline.SuspendFunctionGun$continuation$1.resumeWith(SuspendFunctionGun.kt:70)
05-10 19:09:56.875 E/DisplayPreferencesStore(22071): 	at kotlin.coroutines.jvm.internal.BaseContinuationImpl.resumeWith(ContinuationImpl.kt:46)
05-10 19:09:56.875 E/DisplayPreferencesStore(22071): 	at kotlinx.coroutines.DispatchedTask.run(DispatchedTask.kt:104)
05-10 19:09:56.875 E/DisplayPreferencesStore(22071): 	at android.os.Handler.handleCallback(Handler.java:751)
05-10 19:09:56.875 E/DisplayPreferencesStore(22071): 	at android.os.Handler.dispatchMessage(Handler.java:95)
05-10 19:09:56.875 E/DisplayPreferencesStore(22071): 	at android.os.Looper.loop(Looper.java:154)
05-10 19:09:56.875 E/DisplayPreferencesStore(22071): 	at android.app.ActivityThread.main(ActivityThread.java:6202)
05-10 19:09:56.875 E/DisplayPreferencesStore(22071): 	at java.lang.reflect.Method.invoke(Native Method)
05-10 19:09:56.875 E/DisplayPreferencesStore(22071): 	at com.android.internal.os.ZygoteInit$MethodAndArgsCaller.run(ZygoteInit.java:911)
05-10 19:09:56.875 E/DisplayPreferencesStore(22071): 	at com.android.internal.os.ZygoteInit.main(ZygoteInit.java:801)
05-10 19:09:56.880 I/DisplayPreferencesStore(22071): Creating an empty DisplayPreferencesDto for next commit.
05-10 19:09:56.889 I/StartupActivity$onPermi(22071): Found a session in the session repository, waiting for the currentUser in the application class.
05-10 19:09:56.892 I/StartupActivity$onPermi(22071): CurrentUser changed to 254ca8a0-cdaa-460e-ac80-30b8f1a363f9 while waiting for startup.
05-10 19:09:57.033 I/org.jellyfin.sdk.api.ktor.KtorClient(22071): POST http://192.168.1.109:8096/Sessions/Capabilities?playableMediaTypes=Video&playableMediaTypes=Audio&supportedCommands=DisplayContent&supportedCommands=SetSubtitleStreamIndex&supportedCommands=SetAudioStreamIndex&supportedCommands=DisplayMessage&supportedCommands=SendString&supportedCommands=VolumeUp&supportedCommands=VolumeDown&supportedCommands=SetVolume&supportedCommands=Mute&supportedCommands=Unmute&supportedCommands=ToggleMute&supportsMediaControl=true&supportsPersistentIdentifier=true
05-10 19:09:57.044 I/org.jellyfin.sdk.api.sockets.OkHttpSocketConnection(22071): Connecting to http://192.168.1.109:8096/socket
05-10 19:09:57.067 I/MediaSessionImpl(22071): Init 13fee12 [AndroidXMedia3/1.4.1] [mantis, AFTMM, Amazon, 25]
05-10 19:09:57.078 I/ExoPlayerImpl(22071): Init 7af8fe0 [AndroidXMedia3/1.4.1] [mantis, AFTMM, Amazon, 25]
05-10 19:09:57.099 I/art     (22071): Background sticky concurrent mark sweep GC freed 19401(990KB) AllocSpace objects, 0(0B) LOS objects, 11% free, 6MB/6MB, paused 8.858ms total 71.446ms
05-10 19:09:57.109 I/DefaultRenderersFactory(22071): Loaded FfmpegVideoRenderer.
05-10 19:09:57.156 I/DefaultRenderersFactory(22071): Loaded FfmpegAudioRenderer.
05-10 19:09:57.355 I/WM-WorkerWrapper(22071): Worker result FAILURE for Work [ id=e20f0e24-7a2e-4341-8330-94c3cd4cb9a5, tags={ org.jellyfin.androidtv.integration.LeanbackChannelWorker } ]
05-10 19:10:10.729 E/SocketHandler(22071): Unable to update capabilities
05-10 19:10:10.729 E/SocketHandler(22071): org.jellyfin.sdk.api.client.exception.InvalidStatusException: Invalid HTTP status in response: 500
05-10 19:10:10.729 E/SocketHandler(22071): 	at org.jellyfin.sdk.api.ktor.KtorClient.request$suspendImpl(KtorClient.kt:132)
05-10 19:10:10.729 E/SocketHandler(22071): 	at org.jellyfin.sdk.api.ktor.KtorClient$request$1.invokeSuspend(KtorClient.kt)
05-10 19:10:10.729 E/SocketHandler(22071): 	at kotlin.coroutines.jvm.internal.BaseContinuationImpl.resumeWith(ContinuationImpl.kt:33)
05-10 19:10:10.729 E/SocketHandler(22071): 	at kotlinx.coroutines.DispatchedTask.run(DispatchedTask.kt:104)
05-10 19:10:10.729 E/SocketHandler(22071): 	at kotlinx.coroutines.internal.LimitedDispatcher$Worker.run(LimitedDispatcher.kt:111)
05-10 19:10:10.729 E/SocketHandler(22071): 	at kotlinx.coroutines.scheduling.TaskImpl.run(Tasks.kt:99)
05-10 19:10:10.729 E/SocketHandler(22071): 	at kotlinx.coroutines.scheduling.CoroutineScheduler.runSafely(CoroutineScheduler.kt:584)
05-10 19:10:10.729 E/SocketHandler(22071): 	at kotlinx.coroutines.scheduling.CoroutineScheduler$Worker.executeTask(CoroutineScheduler.kt:811)
05-10 19:10:10.729 E/SocketHandler(22071): 	at kotlinx.coroutines.scheduling.CoroutineScheduler$Worker.runWorker(CoroutineScheduler.kt:715)
05-10 19:10:10.729 E/SocketHandler(22071): 	at kotlinx.coroutines.scheduling.CoroutineScheduler$Worker.run(CoroutineScheduler.kt:702)
05-10 19:10:10.963 I/ActivityThemeExtensions(22071): Applying theme DARK
05-10 19:10:11.134 I/org.jellyfin.sdk.api.ktor.KtorClient(22071): GET http://192.168.1.109:8096/LiveTv/Programs/Recommended?limit=1&isAiring=true&imageTypeLimit=1&enableTotalRecordCount=false
05-10 19:10:11.158 I/HomeRowsFragment(22071): Updating audio queue in HomeFragment (onQueueStatusChanged)
05-10 19:10:11.167 I/HomeRowsFragment(22071): Updating audio queue in HomeFragment (onResume)
05-10 19:10:11.669 E/ACRA    (22071): ACRA caught a InvalidStatusException for org.jellyfin.androidtv
05-10 19:10:11.669 E/ACRA    (22071): org.jellyfin.sdk.api.client.exception.InvalidStatusException: Invalid HTTP status in response: 500
05-10 19:10:11.669 E/ACRA    (22071): 	at org.jellyfin.sdk.api.ktor.KtorClient.request$suspendImpl(KtorClient.kt:132)
05-10 19:10:11.669 E/ACRA    (22071): 	at org.jellyfin.sdk.api.ktor.KtorClient$request$1.invokeSuspend(KtorClient.kt)
05-10 19:10:11.669 E/ACRA    (22071): 	at kotlin.coroutines.jvm.internal.BaseContinuationImpl.resumeWith(ContinuationImpl.kt:33)
05-10 19:10:11.669 E/ACRA    (22071): 	at kotlinx.coroutines.DispatchedTask.run(DispatchedTask.kt:104)
05-10 19:10:11.669 E/ACRA    (22071): 	at kotlinx.coroutines.internal.LimitedDispatcher$Worker.run(LimitedDispatcher.kt:111)
05-10 19:10:11.669 E/ACRA    (22071): 	at kotlinx.coroutines.scheduling.TaskImpl.run(Tasks.kt:99)
05-10 19:10:11.669 E/ACRA    (22071): 	at kotlinx.coroutines.scheduling.CoroutineScheduler.runSafely(CoroutineScheduler.kt:584)
05-10 19:10:11.669 E/ACRA    (22071): 	at kotlinx.coroutines.scheduling.CoroutineScheduler$Worker.executeTask(CoroutineScheduler.kt:811)
05-10 19:10:11.669 E/ACRA    (22071): 	at kotlinx.coroutines.scheduling.CoroutineScheduler$Worker.runWorker(CoroutineScheduler.kt:715)
05-10 19:10:11.669 E/ACRA    (22071): 	at kotlinx.coroutines.scheduling.CoroutineScheduler$Worker.run(CoroutineScheduler.kt:702)
05-10 19:10:11.669 E/ACRA    (22071): 	Suppressed: kotlinx.coroutines.internal.DiagnosticCoroutineContextException: [StandaloneCoroutine{Cancelling}@aefa01a, Dispatchers.IO]

```  

### App information

***App version***: `0.17.6` (`170699`)  
***Package name***: `org.jellyfin.androidtv`  
***Build***: 
```json
{"BOARD":"mantis","BOOTLOADER":"unknown","BRAND":"Amazon","CPU_ABI":"armeabi-v7a","CPU_ABI2":"armeabi","DEVICE":"mantis","DISPLAY":"NS6710","FINGERPRINT":"Amazon\/mantis\/mantis:6.0\/NS6710\/5786N:user\/amz-p,release-keys","HARDWARE":"mt8695","HOST":"i3-ri-14-use1a-b-16-04-fos-147","ID":"NS6710","IS_DEBUGGABLE":false,"IS_EMULATOR":false,"MANUFACTURER":"Amazon","MODEL":"AFTMM","PERMISSIONS_REVIEW_REQUIRED":false,"PRODUCT":"mantis","RADIO":"unknown","REQ_BATTERY_LEVEL":0.3,"SUPPORTED_32_BIT_ABIS":["armeabi-v7a","armeabi"],"SUPPORTED_64_BIT_ABIS":[],"SUPPORTED_ABIS":["armeabi-v7a","armeabi"],"TAGS":"amz-p,release-keys","TIME":1743658244000,"TYPE":"user","UNKNOWN":"unknown","USER":"build","VERSION":{"ACTIVE_CODENAMES":[],"BASE_OS":"NHG47K","CODENAME":"REL","INCREMENTAL":"0011577760388","PREVIEW_SDK_INT":0,"RELEASE":"7.1.2","RESOURCES_SDK_INT":25,"SDK":"25","SDK_INT":25,"SECURITY_PATCH":"2025-01-01"}}
```  
***Build config***: 
```json
{"APPLICATION_ID":"org.jellyfin.androidtv","BUILD_TYPE":"release","DEBUG":false,"DEVELOPMENT":false,"VERSION_CODE":170699,"VERSION_NAME":"0.17.6"}
```  

### Device information

***Android version***: `7.1.2`  
***Device brand***: `Amazon`  
***Device product***: `mantis`  
***Device model***: `AFTMM`  

### Crash information

***Start time***: `2025-05-10T19:09:50.062+01:00`  
***Crash time***: `2025-05-10T19:10:11.739+01:00`  

