Jul 15, 2024 20:26:28.010 [0x7999742d4b38] INFO - Plex Tuner Service v1.40.4.8679-424562606 - Docker Docker Container (LinuxServer.io) x86_64 - build: 
Jul 15, 2024 20:26:28.010 [0x7999742d4b38] INFO - Linux version: 6.8.0-38-generic (#38-Ubuntu SMP PREEMPT_DYNAMIC Fri Jun  7 15:25:01 UTC 2024), language: en-US
Jul 15, 2024 20:26:28.010 [0x7999742d4b38] INFO - Processor        Intel(R) Core(TM) i5-2410M CPU @ 2.30GHz
Jul 15, 2024 20:26:28.011 [0x7999742d4b38] INFO - /usr/lib/plexmediaserver/Plex Tuner Service /usr/lib/plexmediaserver/Resources/Tuner/Private /usr/lib/plexmediaserver/Resources/Tuner/Shared 1.40.4.8679-424562606 32600
Jul 15, 2024 20:26:28.009 [0x799975e45808] INFO - [I] broker_t::start...
Jul 15, 2024 20:26:28.016 [0x799975e45808] INFO - [I] device_manager_t::init.
Jul 15, 2024 20:26:28.016 [0x799975e45808] INFO - [I] device_manager_t::init. Initialize provider manager
Jul 15, 2024 20:26:28.016 [0x799975e45808] INFO - [I] device_manager_t::init. Initialize all device auxes
Jul 15, 2024 20:26:28.016 [0x799975e45808] INFO - [I] dvb_device_factory_t::get_aux_list
Jul 15, 2024 20:26:28.016 [0x799975e45808] INFO - [I] tvbutler_aux_t::init
Jul 15, 2024 20:26:28.024 [0x799975e45808] INFO - [I] web_server_t::start. Starting web server on port 32600
Jul 15, 2024 20:26:33.810 [0x799974047b38] INFO - [I] web_service_t::process_device_discovery
Jul 15, 2024 20:26:33.810 [0x799974047b38] INFO - [I] device_reactor_t::get_device_list ()
Jul 15, 2024 20:26:35.814 [0x799974047b38] INFO - [I] SAT2IP - discover_satip_servers(): no servers found
Jul 15, 2024 20:26:36.235 [0x799974047b38] INFO - [I] v4l::DeviceGetList_impl. getting v4l device list
Jul 15, 2024 20:26:36.239 [0x799974047b38] INFO - [I] onetv_factory::DeviceGetListEx >>
Jul 15, 2024 20:26:36.239 [0x799974047b38] WARN - [W] onetv_factory::DeviceGetListEx. libusb_init returned an error -99
Jul 15, 2024 20:27:40.661 [0x799975e45808] INFO - Received SIGINT: Interrupt from keyboard.
Jul 15, 2024 20:27:40.679 [0x799975e45808] INFO - [I] device_manager_t::term
Jul 15, 2024 20:27:40.679 [0x799975e45808] INFO - [I] device_manager_t::term. Stop all devices
Jul 15, 2024 20:27:40.679 [0x799975e45808] INFO - [I] device_manager_t::term. Shut down all device auxes
Jul 15, 2024 20:27:40.679 [0x799975e45808] INFO - [I] tvbutler_aux_t::term
Jul 15, 2024 20:27:40.680 [0x799975e45808] INFO - [I] web_server_t::stop. Web server is stopped
Jul 15, 2024 20:27:40.680 [0x799975e45808] INFO - [I] device_manager_t::term
Jul 15, 2024 20:27:40.680 [0x799975e45808] INFO - [I] device_manager_t::term. Stop all devices
Jul 15, 2024 20:27:40.680 [0x799975e45808] INFO - [I] device_manager_t::term. Shut down all device auxes
Jul 15, 2024 20:27:40.681 [0x799975e45808] INFO - [I] broker_t::shutdown. Shutdown is completed.
